2025-07-03T10:59:48.787+09:00  INFO 2066 --- [main] qnb.AuthApplication                      : Starting AuthApplication using Java 17.0.15 with PID 2066 (/Users/baekdahyeon/qnb/build/classes/java/main started by baekdahyeon in /Users/baekdahyeon/qnb)
2025-07-03T10:59:48.788+09:00  INFO 2066 --- [main] qnb.AuthApplication                      : No active profile set, falling back to 1 default profile: "default"
2025-07-03T10:59:49.037+09:00  INFO 2066 --- [main] .s.d.r.c.RepositoryConfigurationDelegate : Bootstrapping Spring Data JPA repositories in DEFAULT mode.
2025-07-03T10:59:49.071+09:00  INFO 2066 --- [main] .s.d.r.c.RepositoryConfigurationDelegate : Finished Spring Data repository scanning in 30 ms. Found 13 JPA repository interfaces.
2025-07-03T10:59:49.234+09:00  INFO 2066 --- [main] o.s.b.w.embedded.tomcat.TomcatWebServer  : Tomcat initialized with port 8080 (http)
2025-07-03T10:59:49.238+09:00  INFO 2066 --- [main] o.apache.catalina.core.StandardService   : Starting service [Tomcat]
2025-07-03T10:59:49.238+09:00  INFO 2066 --- [main] o.apache.catalina.core.StandardEngine    : Starting Servlet engine: [Apache Tomcat/10.1.40]
2025-07-03T10:59:49.254+09:00  INFO 2066 --- [main] o.a.c.c.C.[Tomcat].[localhost].[/]       : Initializing Spring embedded WebApplicationContext
2025-07-03T10:59:49.254+09:00  INFO 2066 --- [main] w.s.c.ServletWebServerApplicationContext : Root WebApplicationContext: initialization completed in 454 ms
2025-07-03T10:59:49.308+09:00  INFO 2066 --- [main] o.hibernate.jpa.internal.util.LogHelper  : HHH000204: Processing PersistenceUnitInfo [name: default]
2025-07-03T10:59:49.327+09:00  INFO 2066 --- [main] org.hibernate.Version                    : HHH000412: Hibernate ORM core version 6.6.13.Final
2025-07-03T10:59:49.337+09:00  INFO 2066 --- [main] o.h.c.internal.RegionFactoryInitiator    : HHH000026: Second-level cache disabled
2025-07-03T10:59:49.421+09:00  INFO 2066 --- [main] o.s.o.j.p.SpringPersistenceUnitInfo      : No LoadTimeWeaver setup: ignoring JPA class transformer
2025-07-03T10:59:49.429+09:00  INFO 2066 --- [main] com.zaxxer.hikari.HikariDataSource       : HikariPool-1 - Starting...
2025-07-03T10:59:49.493+09:00  INFO 2066 --- [main] com.zaxxer.hikari.pool.HikariPool        : HikariPool-1 - Added connection com.mysql.cj.jdbc.ConnectionImpl@1a34a51e
2025-07-03T10:59:49.494+09:00  INFO 2066 --- [main] com.zaxxer.hikari.HikariDataSource       : HikariPool-1 - Start completed.
2025-07-03T10:59:49.519+09:00  WARN 2066 --- [main] org.hibernate.orm.deprecation            : HHH90000025: MySQL8Dialect does not need to be specified explicitly using 'hibernate.dialect' (remove the property setting and it will be selected by default)
2025-07-03T10:59:49.520+09:00  WARN 2066 --- [main] org.hibernate.orm.deprecation            : HHH90000026: MySQL8Dialect has been deprecated; use org.hibernate.dialect.MySQLDialect instead
2025-07-03T10:59:49.527+09:00  INFO 2066 --- [main] org.hibernate.orm.connections.pooling    : HHH10001005: Database info:
	Database JDBC URL [Connecting through datasource 'HikariDataSource (HikariPool-1)']
	Database driver: undefined/unknown
	Database version: 8.0
	Autocommit mode: undefined/unknown
	Isolation level: undefined/unknown
	Minimum pool size: undefined/unknown
	Maximum pool size: undefined/unknown
2025-07-03T10:59:49.529+09:00 DEBUG 2066 --- [main] o.h.t.d.sql.spi.DdlTypeRegistry          : addDescriptor(12, org.hibernate.type.descriptor.sql.internal.CapacityDependentDdlType@6be50b35) replaced previous registration(org.hibernate.type.descriptor.sql.internal.CapacityDependentDdlType@ce2eaa7)
2025-07-03T10:59:49.529+09:00 DEBUG 2066 --- [main] o.h.t.d.sql.spi.DdlTypeRegistry          : addDescriptor(-9, org.hibernate.type.descriptor.sql.internal.CapacityDependentDdlType@2166c48a) replaced previous registration(org.hibernate.type.descriptor.sql.internal.CapacityDependentDdlType@304744a1)
2025-07-03T10:59:49.529+09:00 DEBUG 2066 --- [main] o.h.t.d.sql.spi.DdlTypeRegistry          : addDescriptor(-3, org.hibernate.type.descriptor.sql.internal.CapacityDependentDdlType@73385d3f) replaced previous registration(org.hibernate.type.descriptor.sql.internal.CapacityDependentDdlType@6814262d)
2025-07-03T10:59:49.529+09:00 DEBUG 2066 --- [main] o.h.t.d.sql.spi.DdlTypeRegistry          : addDescriptor(4003, org.hibernate.type.descriptor.sql.internal.DdlTypeImpl@7fc1fd31) replaced previous registration(org.hibernate.type.descriptor.sql.internal.DdlTypeImpl@75a9cc24)
2025-07-03T10:59:49.529+09:00 DEBUG 2066 --- [main] o.h.t.d.sql.spi.DdlTypeRegistry          : addDescriptor(4001, org.hibernate.type.descriptor.sql.internal.DdlTypeImpl@4449a60b) replaced previous registration(org.hibernate.type.descriptor.sql.internal.DdlTypeImpl@da5d5e1)
2025-07-03T10:59:49.529+09:00 DEBUG 2066 --- [main] o.h.t.d.sql.spi.DdlTypeRegistry          : addDescriptor(4002, org.hibernate.type.descriptor.sql.internal.DdlTypeImpl@7d7d8911) replaced previous registration(org.hibernate.type.descriptor.sql.internal.DdlTypeImpl@460eb276)
2025-07-03T10:59:49.529+09:00 DEBUG 2066 --- [main] o.h.t.d.sql.spi.DdlTypeRegistry          : addDescriptor(2004, org.hibernate.type.descriptor.sql.internal.CapacityDependentDdlType@4ffe3d42) replaced previous registration(org.hibernate.type.descriptor.sql.internal.DdlTypeImpl@6cd7f381)
2025-07-03T10:59:49.529+09:00 DEBUG 2066 --- [main] o.h.t.d.sql.spi.DdlTypeRegistry          : addDescriptor(2005, org.hibernate.type.descriptor.sql.internal.CapacityDependentDdlType@7df3da0b) replaced previous registration(org.hibernate.type.descriptor.sql.internal.DdlTypeImpl@4e5d5ac1)
2025-07-03T10:59:49.529+09:00 DEBUG 2066 --- [main] o.h.t.d.sql.spi.DdlTypeRegistry          : addDescriptor(2011, org.hibernate.type.descriptor.sql.internal.CapacityDependentDdlType@70777a65) replaced previous registration(org.hibernate.type.descriptor.sql.internal.DdlTypeImpl@236fd411)
2025-07-03T10:59:49.890+09:00  INFO 2066 --- [main] o.h.e.t.j.p.i.JtaPlatformInitiator       : HHH000489: No JTA platform available (set 'hibernate.transaction.jta.platform' to enable JTA platform integration)
2025-07-03T10:59:49.890+09:00  INFO 2066 --- [main] j.LocalContainerEntityManagerFactoryBean : Initialized JPA EntityManagerFactory for persistence unit 'default'
2025-07-03T10:59:49.994+09:00  INFO 2066 --- [main] o.s.d.j.r.query.QueryEnhancerFactory     : Hibernate is in classpath; If applicable, HQL parser will be used.
2025-07-03T10:59:50.425+09:00  WARN 2066 --- [main] JpaBaseConfiguration$JpaWebConfiguration : spring.jpa.open-in-view is enabled by default. Therefore, database queries may be performed during view rendering. Explicitly configure spring.jpa.open-in-view to disable this warning
2025-07-03T10:59:50.430+09:00  WARN 2066 --- [main] .s.s.UserDetailsServiceAutoConfiguration : 

Using generated security password: 0cf372f5-83b2-4d23-93bd-c0ffd3bd1500

This generated password is for development use only. Your security configuration must be updated before running your application in production.

2025-07-03T10:59:50.432+09:00  INFO 2066 --- [main] r$InitializeUserDetailsManagerConfigurer : Global AuthenticationManager configured with UserDetailsService bean with name inMemoryUserDetailsManager
2025-07-03T10:59:50.574+09:00  INFO 2066 --- [main] o.s.b.w.embedded.tomcat.TomcatWebServer  : Tomcat started on port 8080 (http) with context path '/'
2025-07-03T10:59:50.577+09:00  INFO 2066 --- [main] qnb.AuthApplication                      : Started AuthApplication in 1.942 seconds (process running for 2.134)
2025-07-03T11:04:19.403+09:00  INFO 2066 --- [SpringApplicationShutdownHook] o.s.b.w.e.tomcat.GracefulShutdown        : Commencing graceful shutdown. Waiting for active requests to complete
2025-07-03T11:04:19.409+09:00  INFO 2066 --- [tomcat-shutdown] o.s.b.w.e.tomcat.GracefulShutdown        : Graceful shutdown complete
2025-07-03T11:04:19.413+09:00  INFO 2066 --- [SpringApplicationShutdownHook] j.LocalContainerEntityManagerFactoryBean : Closing JPA EntityManagerFactory for persistence unit 'default'
2025-07-03T11:04:19.414+09:00  INFO 2066 --- [SpringApplicationShutdownHook] com.zaxxer.hikari.HikariDataSource       : HikariPool-1 - Shutdown initiated...
2025-07-03T11:04:19.415+09:00  INFO 2066 --- [SpringApplicationShutdownHook] com.zaxxer.hikari.HikariDataSource       : HikariPool-1 - Shutdown completed.
